<?xml version="1.0" encoding="UTF-8"?>
<!-- Generated by org.testng.reporters.JUnitReportReporter -->
<testsuite hostname="DESKTOP-2JHI0MB" name="com.OrangeHRM_TestScripts.Orangehrm_LoginPage_Test" tests="1" failures="0" timestamp="7 Feb 2019 07:29:52 GMT" time="37.194" errors="0">
  <testcase name="LoginTest" time="37.194" classname="com.OrangeHRM_TestScripts.Orangehrm_LoginPage_Test"/>
</testsuite> <!-- com.OrangeHRM_TestScripts.Orangehrm_LoginPage_Test -->
