<?xml version="1.0" encoding="UTF-8"?>
<!-- Generated by org.testng.reporters.JUnitReportReporter -->
<testsuite hostname="DESKTOP-2JHI0MB" name="com.NewtoursTestScripts.NewToursHomePageTesting" tests="1" failures="0" timestamp="7 Feb 2019 07:25:53 GMT" time="145.595" errors="0">
  <testcase name="homepageTesting" time="145.595" classname="com.NewtoursTestScripts.NewToursHomePageTesting"/>
</testsuite> <!-- com.NewtoursTestScripts.NewToursHomePageTesting -->
