<?xml version="1.0" encoding="UTF-8"?>
<!-- Generated by org.testng.reporters.JUnitReportReporter -->
<testsuite hostname="DESKTOP-2JHI0MB" name="com.Testng_Framework.Annotation_Test" tests="4" failures="0" timestamp="1 Feb 2019 07:50:06 GMT" time="0.026" errors="0">
  <testcase name="browserLaunch" time="0.017" classname="com.Testng_Framework.Annotation_Test"/>
  <testcase name="Login" time="0.003" classname="com.Testng_Framework.Annotation_Test"/>
  <testcase name="composeMail" time="0.003" classname="com.Testng_Framework.Annotation_Test"/>
  <testcase name="inbox" time="0.003" classname="com.Testng_Framework.Annotation_Test"/>
</testsuite> <!-- com.Testng_Framework.Annotation_Test -->
