<?xml version="1.0" encoding="UTF-8"?>
<!-- Generated by org.testng.reporters.JUnitReportReporter -->
<testsuite hostname="DESKTOP-2JHI0MB" name="com.Testng_Framework.Annotations_BeforeandAfter_Test" tests="2" failures="0" timestamp="1 Feb 2019 09:03:57 GMT" time="0.016" errors="0">
  <testcase name="Login" time="0.000" classname="com.Testng_Framework.Annotations_BeforeandAfter_Test"/>
  <testcase name="inbox" time="0.016" classname="com.Testng_Framework.Annotations_BeforeandAfter_Test"/>
</testsuite> <!-- com.Testng_Framework.Annotations_BeforeandAfter_Test -->
