<?xml version="1.0" encoding="UTF-8"?>
<!-- Generated by org.testng.reporters.JUnitReportReporter -->
<testsuite hostname="DESKTOP-2JHI0MB" name="com.Testng_Framework.Annotations_BeforeandAfter_Method" tests="2" failures="0" timestamp="1 Feb 2019 09:59:30 GMT" time="0.021" errors="0">
  <testcase name="ComposeMail" time="0.005" classname="com.Testng_Framework.Annotations_BeforeandAfter_Method"/>
  <testcase name="inbox" time="0.016" classname="com.Testng_Framework.Annotations_BeforeandAfter_Method"/>
</testsuite> <!-- com.Testng_Framework.Annotations_BeforeandAfter_Method -->
