<?xml version="1.0" encoding="UTF-8"?>
<!-- Generated by org.testng.reporters.JUnitReportReporter -->
<testsuite hostname="DESKTOP-2JHI0MB" name="com.Newtours_Using_Testng.User_Registration_Multliple_testdata" tests="1" failures="0" timestamp="5 Feb 2019 16:28:04 GMT" time="231.799" errors="0">
  <testcase name="register" time="231.799" classname="com.Newtours_Using_Testng.User_Registration_Multliple_testdata"/>
</testsuite> <!-- com.Newtours_Using_Testng.User_Registration_Multliple_testdata -->
