<?xml version="1.0" encoding="UTF-8"?>
<!-- Generated by org.testng.reporters.JUnitReportReporter -->
<testsuite skipped="0" hostname="DESKTOP-2JHI0MB" name="com.OHRM.OHRM_Login_Test" tests="3" failures="0" timestamp="10 Feb 2019 11:02:56 GMT" time="19.859" errors="0">
  <testcase name="Login" time="13.957" classname="com.OHRM.OHRM_Login_Test"/>
  <testcase name="Login_Validation" time="1.135" classname="com.OHRM.OHRM_Login_Test"/>
  <testcase name="Logout_functionality" time="4.767" classname="com.OHRM.OHRM_Login_Test"/>
</testsuite> <!-- com.OHRM.OHRM_Login_Test -->
