<?xml version="1.0" encoding="UTF-8"?>
<!-- Generated by org.testng.reporters.JUnitReportReporter -->
<testsuite skipped="0" hostname="DESKTOP-2JHI0MB" name="com.OHRM.OHRM_Login_Testdata" tests="1" failures="0" timestamp="10 Feb 2019 14:10:22 GMT" time="53.208" errors="0">
  <testcase name="Login" time="53.208" classname="com.OHRM.OHRM_Login_Testdata"/>
</testsuite> <!-- com.OHRM.OHRM_Login_Testdata -->
