<?xml version="1.0" encoding="UTF-8"?>
<!-- Generated by org.testng.reporters.JUnitReportReporter -->
<testsuite skipped="0" hostname="DESKTOP-2JHI0MB" name="com.OHRM.OHRM_Log4j" tests="3" failures="0" timestamp="10 Feb 2019 11:18:39 GMT" time="4.588" errors="0">
  <testcase name="Login" time="2.269" classname="com.OHRM.OHRM_Log4j"/>
  <testcase name="Login_Validation" time="0.083" classname="com.OHRM.OHRM_Log4j"/>
  <testcase name="Logout_functionality" time="2.236" classname="com.OHRM.OHRM_Log4j"/>
</testsuite> <!-- com.OHRM.OHRM_Log4j -->
