<?xml version="1.0" encoding="UTF-8"?>
<!-- Generated by org.testng.reporters.JUnitReportReporter -->
<testsuite hostname="DESKTOP-2JHI0MB" name="com.Testng_Framework.PIM_Element" tests="4" failures="0" timestamp="5 Feb 2019 16:47:17 GMT" time="17.120" errors="0">
  <testcase name="addemployee" time="1.375" classname="com.Testng_Framework.PIM_Element"/>
  <testcase name="filldetails" time="3.340" classname="com.Testng_Framework.PIM_Element"/>
  <testcase name="login" time="3.139" classname="com.Testng_Framework.PIM_Element"/>
  <testcase name="Edit_details" time="9.266" classname="com.Testng_Framework.PIM_Element"/>
</testsuite> <!-- com.Testng_Framework.PIM_Element -->
