<?xml version="1.0" encoding="UTF-8"?>
<!-- Generated by org.testng.reporters.JUnitReportReporter -->
<testsuite hostname="DESKTOP-2JHI0MB" name="com.Testng_Framework.ADDEmployee_multiple_employees" tests="3" failures="0" timestamp="6 Feb 2019 07:58:19 GMT" time="50.353" errors="0">
  <testcase name="login" time="3.198" classname="com.Testng_Framework.ADDEmployee_multiple_employees"/>
  <testcase name="addemployee" time="2.009" classname="com.Testng_Framework.ADDEmployee_multiple_employees"/>
  <testcase name="filldetails" time="45.146" classname="com.Testng_Framework.ADDEmployee_multiple_employees"/>
</testsuite> <!-- com.Testng_Framework.ADDEmployee_multiple_employees -->
