<?xml version="1.0" encoding="UTF-8"?>
<!-- Generated by org.testng.reporters.JUnitReportReporter -->
<testsuite hostname="DESKTOP-2JHI0MB" name="com.Testng_Framework.Login_Functionality_Using_TestData" tests="1" failures="0" timestamp="8 Feb 2019 06:17:30 GMT" time="49.654" errors="0">
  <testcase name="Login" time="49.654" classname="com.Testng_Framework.Login_Functionality_Using_TestData"/>
</testsuite> <!-- com.Testng_Framework.Login_Functionality_Using_TestData -->
