<?xml version="1.0" encoding="UTF-8"?>
<!-- Generated by org.testng.reporters.JUnitReportReporter -->
<testsuite hostname="DESKTOP-2JHI0MB" name="com.Screenshots.Screenshot_example" tests="1" failures="0" timestamp="3 Feb 2019 15:11:10 GMT" time="48.160" errors="0">
  <testcase name="setup" time="48.160" classname="com.Screenshots.Screenshot_example"/>
</testsuite> <!-- com.Screenshots.Screenshot_example -->
