<?xml version="1.0" encoding="UTF-8"?>
<!-- Generated by org.testng.reporters.JUnitReportReporter -->
<testsuite hostname="DESKTOP-2JHI0MB" name="com.AutoIT.AutoIT_Browse_Photo" tests="3" failures="0" timestamp="11 Feb 2019 15:32:16 GMT" time="8.390" errors="0">
  <testcase name="filldetails" time="4.240" classname="com.AutoIT.AutoIT_Browse_Photo"/>
  <testcase name="addemployee" time="1.249" classname="com.AutoIT.AutoIT_Browse_Photo"/>
  <testcase name="login" time="2.901" classname="com.AutoIT.AutoIT_Browse_Photo"/>
</testsuite> <!-- com.AutoIT.AutoIT_Browse_Photo -->
