<?xml version="1.0" encoding="UTF-8"?>
<!-- Generated by org.testng.reporters.JUnitReportReporter -->
<testsuite hostname="DESKTOP-2JHI0MB" name="com.Testng_Login_Functionality.Annotation_Test" tests="3" failures="0" timestamp="1 Feb 2019 10:16:59 GMT" time="10.021" errors="0">
  <testcase name="Logout_functionality" time="1.471" classname="com.Testng_Login_Functionality.Annotation_Test"/>
  <testcase name="Login" time="8.473" classname="com.Testng_Login_Functionality.Annotation_Test"/>
  <testcase name="Login_Validation" time="0.077" classname="com.Testng_Login_Functionality.Annotation_Test"/>
</testsuite> <!-- com.Testng_Login_Functionality.Annotation_Test -->
